<?xml version="1.0" encoding="UTF-8"?>
<!-- Generated by org.testng.reporters.JUnitXMLReporter -->
<testsuite hostname="LAPTOP-AIO68RGA" ignored="0" name="Test" tests="9" failures="0" timestamp="2021-08-29T16:49:11 CST" time="0.098" errors="0">
  <testcase name="loginFailure" time="0.001" classname="com.lemon.day11.TestngTest"/>
  <testcase name="loginFailure01" time="0.0" classname="com.lemon.day11.TestngTest"/>
  <testcase name="loginSuccess" time="0.0" classname="com.lemon.day11.TestngTest"/>
  <testcase name="registerFail" time="0.004" classname="com.lemon.day11.TestngTest"/>
  <testcase name="registerSuccess" time="0.0" classname="com.lemon.day11.TestngTest"/>
  <testcase name="loginFailure02" time="0.0" classname="com.lemon.day11.TestngTest"/>
  <testcase name="loginFailure" time="0.0" classname="com.lemon.day11.DataDrive"/>
  <testcase name="loginFailure" time="0.0" classname="com.lemon.day11.DataDrive"/>
  <testcase name="loginFailure" time="0.0" classname="com.lemon.day11.DataDrive"/>
</testsuite> <!-- Test -->
