<?xml version="1.0" encoding="UTF-8"?>
<testng-results skipped="0" failed="0" ignored="0" total="0" passed="0">
  <reporter-output>
  </reporter-output>
  <suite name="com.lemon.test.FastjsonTest" duration-ms="6" started-at="2021-08-24T15:37:13Z" finished-at="2021-08-24T15:37:13Z">
    <groups>
    </groups>
    <test name="Command line test" duration-ms="6" started-at="2021-08-24T15:37:13Z" finished-at="2021-08-24T15:37:13Z">
    </test> <!-- Command line test -->
  </suite> <!-- com.lemon.test.FastjsonTest -->
</testng-results>
